<?xml version="1.0" encoding="UTF-8"?>
<coverage generated="1611632061958" clover="3.2.0">
  <project timestamp="1611632061958" name="All files">
    <metrics statements="13" coveredstatements="12" conditionals="0" coveredconditionals="0" methods="2" coveredmethods="1" elements="15" coveredelements="13" complexity="0" loc="13" ncloc="13" packages="2" files="2" classes="2"/>
    <package name="ProviderWebhookModule">
      <metrics statements="11" coveredstatements="11" conditionals="0" coveredconditionals="0" methods="1" coveredmethods="1"/>
      <file name="index.js" path="C:\Users\eduar\Desktop\Repositorios\Entrevistas\DieselBank\backend-challenge-1\ProviderWebhookModule\index.js">
        <metrics statements="11" coveredstatements="11" conditionals="0" coveredconditionals="0" methods="1" coveredmethods="1"/>
        <line num="6" count="1" type="stmt"/>
        <line num="7" count="1" type="stmt"/>
        <line num="9" count="1" type="stmt"/>
        <line num="10" count="1" type="stmt"/>
        <line num="12" count="1" type="stmt"/>
        <line num="14" count="1" type="stmt"/>
        <line num="15" count="1" type="stmt"/>
        <line num="18" count="1" type="stmt"/>
        <line num="19" count="1" type="stmt"/>
        <line num="21" count="1" type="stmt"/>
        <line num="23" count="1" type="stmt"/>
      </file>
    </package>
    <package name="ProviderWebhookModule.__tests__">
      <metrics statements="2" coveredstatements="1" conditionals="0" coveredconditionals="0" methods="1" coveredmethods="0"/>
      <file name="helloJest.js" path="C:\Users\eduar\Desktop\Repositorios\Entrevistas\DieselBank\backend-challenge-1\ProviderWebhookModule\__tests__\helloJest.js">
        <metrics statements="2" coveredstatements="1" conditionals="0" coveredconditionals="0" methods="1" coveredmethods="0"/>
        <line num="1" count="1" type="stmt"/>
        <line num="3" count="0" type="stmt"/>
      </file>
    </package>
  </project>
</coverage>
