{"C:\\Users\\eduar\\Desktop\\Repositorios\\Entrevistas\\DieselBank\\backend-challenge-1\\ProviderWebhookModule\\index.js": {"path":"C:\\Users\\eduar\\Desktop\\Repositorios\\Entrevistas\\DieselBank\\backend-challenge-1\\ProviderWebhookModule\\index.js","statementMap":{"0":{"start":{"line":6,"column":13},"end":{"line":6,"column":17}},"1":{"start":{"line":7,"column":13},"end":{"line":7,"column":24}},"2":{"start":{"line":9,"column":12},"end":{"line":9,"column":21}},"3":{"start":{"line":10,"column":15},"end":{"line":10,"column":27}},"4":{"start":{"line":12,"column":0},"end":{"line":12,"column":18}},"5":{"start":{"line":14,"column":0},"end":{"line":16,"column":3}},"6":{"start":{"line":15,"column":4},"end":{"line":15,"column":35}},"7":{"start":{"line":18,"column":0},"end":{"line":18,"column":25}},"8":{"start":{"line":19,"column":0},"end":{"line":19,"column":33}},"9":{"start":{"line":21,"column":15},"end":{"line":21,"column":67}},"10":{"start":{"line":23,"column":0},"end":{"line":23,"column":59}}},"fnMap":{"0":{"name":"(anonymous_0)","decl":{"start":{"line":14,"column":16},"end":{"line":14,"column":17}},"loc":{"start":{"line":14,"column":31},"end":{"line":16,"column":1}},"line":14}},"branchMap":{},"s":{"0":1,"1":1,"2":1,"3":1,"4":1,"5":1,"6":1,"7":1,"8":1,"9":1,"10":1},"f":{"0":1},"b":{},"_coverageSchema":"1a1c01bbd47fc00a2c39e90264f33305004495a9","hash":"3f78e14a9b7548d930ea08baab676c8ed316b66f"}
,"C:\\Users\\eduar\\Desktop\\Repositorios\\Entrevistas\\DieselBank\\backend-challenge-1\\ProviderWebhookModule\\__tests__\\helloJest.js": {"path":"C:\\Users\\eduar\\Desktop\\Repositorios\\Entrevistas\\DieselBank\\backend-challenge-1\\ProviderWebhookModule\\__tests__\\helloJest.js","statementMap":{"0":{"start":{"line":1,"column":15},"end":{"line":4,"column":1}},"1":{"start":{"line":3,"column":4},"end":{"line":3,"column":57}}},"fnMap":{"0":{"name":"(anonymous_0)","decl":{"start":{"line":1,"column":15},"end":{"line":1,"column":16}},"loc":{"start":{"line":1,"column":21},"end":{"line":4,"column":1}},"line":1}},"branchMap":{},"s":{"0":1,"1":0},"f":{"0":0},"b":{},"_coverageSchema":"1a1c01bbd47fc00a2c39e90264f33305004495a9","hash":"18736b9401045acc095a610b0ceb3f96899dc3d6"}
}
